Lmod has detected the following error: The following module(s) are unknown:
"python/3.9"

Please check the spelling or version number. Also try "module spider ..."
It is also possible your cache file is out-of-date; it may help to try:
  $ module --ignore_cache load "python/3.9"

Also make sure that all modulefiles written in TCL start with the string
#%Module



Lmod has detected the following error: The following module(s) are unknown:
"cuda/11.8"

Please check the spelling or version number. Also try "module spider ..."
It is also possible your cache file is out-of-date; it may help to try:
  $ module --ignore_cache load "cuda/11.8"

Also make sure that all modulefiles written in TCL start with the string
#%Module



`torch_dtype` is deprecated! Use `dtype` instead!
The following generation flags are not valid and may be ignored: ['temperature', 'top_p', 'top_k']. Set `TRANSFORMERS_VERBOSITY=info` for more details.
Loading checkpoint shards:   0%|          | 0/2 [00:00<?, ?it/s]Loading checkpoint shards:  50%|█████     | 1/2 [00:05<00:05,  5.39s/it]Loading checkpoint shards: 100%|██████████| 2/2 [00:08<00:00,  4.06s/it]Loading checkpoint shards: 100%|██████████| 2/2 [00:08<00:00,  4.26s/it]
Fetching 4 files:   0%|          | 0/4 [00:00<?, ?it/s]Fetching 4 files:  25%|██▌       | 1/4 [00:22<01:07, 22.46s/it]Fetching 4 files: 100%|██████████| 4/4 [00:22<00:00,  5.62s/it]
Loading checkpoint shards:   0%|          | 0/4 [00:00<?, ?it/s]Loading checkpoint shards:  25%|██▌       | 1/4 [00:03<00:10,  3.59s/it]Loading checkpoint shards:  50%|█████     | 2/4 [00:07<00:07,  3.86s/it]Loading checkpoint shards:  75%|███████▌  | 3/4 [00:11<00:03,  3.90s/it]Loading checkpoint shards: 100%|██████████| 4/4 [00:15<00:00,  3.75s/it]Loading checkpoint shards: 100%|██████████| 4/4 [00:15<00:00,  3.77s/it]
/home/akshatat/.conda/envs/mech_interp_gpu/lib/python3.10/site-packages/numpy/lib/_function_base_impl.py:3045: RuntimeWarning: invalid value encountered in divide
  c /= stddev[:, None]
/home/akshatat/.conda/envs/mech_interp_gpu/lib/python3.10/site-packages/numpy/lib/_function_base_impl.py:3046: RuntimeWarning: invalid value encountered in divide
  c /= stddev[None, :]
