flatpak: error while loading shared libraries: libssl.so.10: cannot open shared object file: No such file or directory
Lmod has detected the following error: The following module(s) are unknown:
"slurm"

Please check the spelling or version number. Also try "module spider ..."
It is also possible your cache file is out-of-date; it may help to try:
  $ module --ignore_cache load "slurm"

Also make sure that all modulefiles written in TCL start with the string
#%Module



`torch_dtype` is deprecated! Use `dtype` instead!
The following generation flags are not valid and may be ignored: ['temperature', 'top_p', 'top_k']. Set `TRANSFORMERS_VERBOSITY=info` for more details.
Traceback (most recent call last):
  File "/orcd/home/002/akshatat/uncertainty_routing/experiment5_trustworthiness.py", line 698, in <module>
    main()
  File "/orcd/home/002/akshatat/uncertainty_routing/experiment5_trustworthiness.py", line 676, in main
    results_df = exp5.run(
  File "/orcd/home/002/akshatat/uncertainty_routing/experiment5_trustworthiness.py", line 414, in run
    best_layer, layer_score_df = self.select_best_layer(
  File "/orcd/home/002/akshatat/uncertainty_routing/experiment5_trustworthiness.py", line 342, in select_best_layer
    rows.append(self.test_one(q, layer_idx=layer_idx, epsilon=epsilon_test))
  File "/orcd/home/002/akshatat/uncertainty_routing/experiment5_trustworthiness.py", line 306, in test_one
    "invalid": bool(invalid),
NameError: name 'invalid' is not defined
